e:\dropbox\university\oop\matrix\debug\vc120.pdb
e:\dropbox\university\oop\matrix\debug\vc120.idb
e:\dropbox\university\oop\matrix\debug\binaryimg.obj
e:\dropbox\university\oop\matrix\debug\main.obj
e:\dropbox\university\oop\matrix\debug\matrix.obj
e:\dropbox\university\oop\matrix\debug\matrix.ilk
e:\dropbox\university\oop\matrix\debug\matrix.exe
e:\dropbox\university\oop\matrix\debug\matrix.pdb
d:\dropbox\university\oop\matrix\debug\binaryimg.obj
d:\dropbox\university\oop\matrix\debug\main.obj
d:\dropbox\university\oop\matrix\debug\matrix.obj
d:\dropbox\university\oop\matrix\debug\matrix.ilk
d:\dropbox\university\oop\matrix\debug\vc120.idb
d:\dropbox\university\oop\matrix\debug\matrix.pdb
d:\dropbox\university\oop\matrix\debug\vc120.pdb
d:\dropbox\university\oop\matrix\debug\matrix.exe
d:\dropbox\university\oop\matrix\debug\matrix.tlog\cl.command.1.tlog
d:\dropbox\university\oop\matrix\debug\matrix.tlog\cl.read.1.tlog
d:\dropbox\university\oop\matrix\debug\matrix.tlog\cl.write.1.tlog
d:\dropbox\university\oop\matrix\debug\matrix.tlog\link.command.1.tlog
d:\dropbox\university\oop\matrix\debug\matrix.tlog\link.read.1.tlog
d:\dropbox\university\oop\matrix\debug\matrix.tlog\link.write.1.tlog
